{"numFailedTestSuites":2,"numFailedTests":3,"numPassedTestSuites":0,"numPassedTests":6,"numPendingTestSuites":0,"numPendingTests":0,"numRuntimeErrorTestSuites":0,"numTodoTests":0,"numTotalTestSuites":2,"numTotalTests":9,"openHandles":[],"snapshot":{"added":0,"didUpdate":false,"failure":false,"filesAdded":0,"filesRemoved":0,"filesRemovedList":[],"filesUnmatched":0,"filesUpdated":0,"matched":0,"total":0,"unchecked":0,"uncheckedKeysByFile":[],"unmatched":0,"updated":0},"startTime":1594576101124,"success":false,"testResults":[{"assertionResults":[{"ancestorTitles":["index test 222222"],"failureMessages":[],"fullName":"index test 222222 for zero","location":null,"status":"passed","title":"for zero"},{"ancestorTitles":["index test 222222"],"failureMessages":[],"fullName":"index test 222222 for non zero","location":null,"status":"passed","title":"for non zero"},{"ancestorTitles":["index test 222222"],"failureMessages":["Error: \u001b[2mexpect(\u001b[22m\u001b[31mreceived\u001b[39m\u001b[2m).\u001b[22mtoEqual\u001b[2m(\u001b[22m\u001b[32mexpected\u001b[39m\u001b[2m) // deep equality\u001b[22m\n\nExpected: \u001b[32m6\u001b[39m\nReceived: \u001b[31m5\u001b[39m\n    at Object.test (/Users/sidharthatopcharla/workspace/sample-github-workflow/src/__tests__/same.test.js:16:17)\n    at Object.asyncJestTest (/Users/sidharthatopcharla/workspace/sample-github-workflow/src/node_modules/jest-jasmine2/build/jasmineAsyncInstall.js:100:37)\n    at resolve (/Users/sidharthatopcharla/workspace/sample-github-workflow/src/node_modules/jest-jasmine2/build/queueRunner.js:47:12)\n    at new Promise (<anonymous>)\n    at mapper (/Users/sidharthatopcharla/workspace/sample-github-workflow/src/node_modules/jest-jasmine2/build/queueRunner.js:30:19)\n    at promise.then (/Users/sidharthatopcharla/workspace/sample-github-workflow/src/node_modules/jest-jasmine2/build/queueRunner.js:77:41)\n    at process._tickCallback (internal/process/next_tick.js:68:7)"],"fullName":"index test 222222 for non zero","location":null,"status":"failed","title":"for non zero"}],"endTime":1594576104794,"message":"\u001b[1m\u001b[31m  \u001b[1m● \u001b[22m\u001b[1mindex test 222222 › for non zero\u001b[39m\u001b[22m\n\n    \u001b[2mexpect(\u001b[22m\u001b[31mreceived\u001b[39m\u001b[2m).\u001b[22mtoEqual\u001b[2m(\u001b[22m\u001b[32mexpected\u001b[39m\u001b[2m) // deep equality\u001b[22m\n\n    Expected: \u001b[32m6\u001b[39m\n    Received: \u001b[31m5\u001b[39m\n\u001b[2m\u001b[22m\n\u001b[2m    \u001b[0m \u001b[90m 14 | \u001b[39m  test(\u001b[32m'for non zero'\u001b[39m\u001b[33m,\u001b[39m () \u001b[33m=>\u001b[39m {\u001b[0m\u001b[22m\n\u001b[2m    \u001b[0m \u001b[90m 15 | \u001b[39m    \u001b[36mconst\u001b[39m res \u001b[33m=\u001b[39m hello(\u001b[35m0\u001b[39m)\u001b[33m;\u001b[39m\u001b[0m\u001b[22m\n\u001b[2m    \u001b[0m\u001b[31m\u001b[1m>\u001b[22m\u001b[2m\u001b[39m\u001b[90m 16 | \u001b[39m    expect(res)\u001b[33m.\u001b[39mtoEqual(\u001b[35m6\u001b[39m)\u001b[33m;\u001b[39m\u001b[0m\u001b[22m\n\u001b[2m    \u001b[0m \u001b[90m    | \u001b[39m                \u001b[31m\u001b[1m^\u001b[22m\u001b[2m\u001b[39m\u001b[0m\u001b[22m\n\u001b[2m    \u001b[0m \u001b[90m 17 | \u001b[39m  })\u001b[0m\u001b[22m\n\u001b[2m    \u001b[0m \u001b[90m 18 | \u001b[39m\u001b[0m\u001b[22m\n\u001b[2m    \u001b[0m \u001b[90m 19 | \u001b[39m})\u001b[0m\u001b[22m\n\u001b[2m\u001b[22m\n\u001b[2m      \u001b[2mat Object.test (\u001b[22m\u001b[2m\u001b[0m\u001b[36m__tests__/same.test.js\u001b[39m\u001b[0m\u001b[2m:16:17)\u001b[22m\u001b[2m\u001b[22m\n","name":"/Users/sidharthatopcharla/workspace/sample-github-workflow/src/__tests__/same.test.js","startTime":1594576103881,"status":"failed","summary":""},{"assertionResults":[{"ancestorTitles":["index test"],"failureMessages":[],"fullName":"index test for zero","location":null,"status":"passed","title":"for zero"},{"ancestorTitles":["index test"],"failureMessages":[],"fullName":"index test for non zero","location":null,"status":"passed","title":"for non zero"},{"ancestorTitles":["index test"],"failureMessages":["Error: \u001b[2mexpect(\u001b[22m\u001b[31mreceived\u001b[39m\u001b[2m).\u001b[22mtoEqual\u001b[2m(\u001b[22m\u001b[32mexpected\u001b[39m\u001b[2m) // deep equality\u001b[22m\n\nExpected: \u001b[32m6\u001b[39m\nReceived: \u001b[31m5\u001b[39m\n    at Object.test (/Users/sidharthatopcharla/workspace/sample-github-workflow/src/__tests__/index.test.js:16:17)\n    at Object.asyncJestTest (/Users/sidharthatopcharla/workspace/sample-github-workflow/src/node_modules/jest-jasmine2/build/jasmineAsyncInstall.js:100:37)\n    at resolve (/Users/sidharthatopcharla/workspace/sample-github-workflow/src/node_modules/jest-jasmine2/build/queueRunner.js:47:12)\n    at new Promise (<anonymous>)\n    at mapper (/Users/sidharthatopcharla/workspace/sample-github-workflow/src/node_modules/jest-jasmine2/build/queueRunner.js:30:19)\n    at promise.then (/Users/sidharthatopcharla/workspace/sample-github-workflow/src/node_modules/jest-jasmine2/build/queueRunner.js:77:41)\n    at process._tickCallback (internal/process/next_tick.js:68:7)"],"fullName":"index test for non zero","location":null,"status":"failed","title":"for non zero"},{"ancestorTitles":["index test 222222"],"failureMessages":[],"fullName":"index test 222222 for zero","location":null,"status":"passed","title":"for zero"},{"ancestorTitles":["index test 222222"],"failureMessages":[],"fullName":"index test 222222 for non zero","location":null,"status":"passed","title":"for non zero"},{"ancestorTitles":["index test 222222"],"failureMessages":["Error: \u001b[2mexpect(\u001b[22m\u001b[31mreceived\u001b[39m\u001b[2m).\u001b[22mtoEqual\u001b[2m(\u001b[22m\u001b[32mexpected\u001b[39m\u001b[2m) // deep equality\u001b[22m\n\nExpected: \u001b[32m6\u001b[39m\nReceived: \u001b[31m5\u001b[39m\n    at Object.test (/Users/sidharthatopcharla/workspace/sample-github-workflow/src/__tests__/index.test.js:34:17)\n    at Object.asyncJestTest (/Users/sidharthatopcharla/workspace/sample-github-workflow/src/node_modules/jest-jasmine2/build/jasmineAsyncInstall.js:100:37)\n    at resolve (/Users/sidharthatopcharla/workspace/sample-github-workflow/src/node_modules/jest-jasmine2/build/queueRunner.js:47:12)\n    at new Promise (<anonymous>)\n    at mapper (/Users/sidharthatopcharla/workspace/sample-github-workflow/src/node_modules/jest-jasmine2/build/queueRunner.js:30:19)\n    at promise.then (/Users/sidharthatopcharla/workspace/sample-github-workflow/src/node_modules/jest-jasmine2/build/queueRunner.js:77:41)\n    at process._tickCallback (internal/process/next_tick.js:68:7)"],"fullName":"index test 222222 for non zero","location":null,"status":"failed","title":"for non zero"}],"endTime":1594576104799,"message":"\u001b[1m\u001b[31m  \u001b[1m● \u001b[22m\u001b[1mindex test › for non zero\u001b[39m\u001b[22m\n\n    \u001b[2mexpect(\u001b[22m\u001b[31mreceived\u001b[39m\u001b[2m).\u001b[22mtoEqual\u001b[2m(\u001b[22m\u001b[32mexpected\u001b[39m\u001b[2m) // deep equality\u001b[22m\n\n    Expected: \u001b[32m6\u001b[39m\n    Received: \u001b[31m5\u001b[39m\n\u001b[2m\u001b[22m\n\u001b[2m    \u001b[0m \u001b[90m 14 | \u001b[39m  test(\u001b[32m'for non zero'\u001b[39m\u001b[33m,\u001b[39m () \u001b[33m=>\u001b[39m {\u001b[0m\u001b[22m\n\u001b[2m    \u001b[0m \u001b[90m 15 | \u001b[39m    \u001b[36mconst\u001b[39m res \u001b[33m=\u001b[39m hello(\u001b[35m0\u001b[39m)\u001b[33m;\u001b[39m\u001b[0m\u001b[22m\n\u001b[2m    \u001b[0m\u001b[31m\u001b[1m>\u001b[22m\u001b[2m\u001b[39m\u001b[90m 16 | \u001b[39m    expect(res)\u001b[33m.\u001b[39mtoEqual(\u001b[35m6\u001b[39m)\u001b[33m;\u001b[39m\u001b[0m\u001b[22m\n\u001b[2m    \u001b[0m \u001b[90m    | \u001b[39m                \u001b[31m\u001b[1m^\u001b[22m\u001b[2m\u001b[39m\u001b[0m\u001b[22m\n\u001b[2m    \u001b[0m \u001b[90m 17 | \u001b[39m  })\u001b[0m\u001b[22m\n\u001b[2m    \u001b[0m \u001b[90m 18 | \u001b[39m\u001b[0m\u001b[22m\n\u001b[2m    \u001b[0m \u001b[90m 19 | \u001b[39m})\u001b[0m\u001b[22m\n\u001b[2m\u001b[22m\n\u001b[2m      \u001b[2mat Object.test (\u001b[22m\u001b[2m\u001b[0m\u001b[36m__tests__/index.test.js\u001b[39m\u001b[0m\u001b[2m:16:17)\u001b[22m\u001b[2m\u001b[22m\n\n\u001b[1m\u001b[31m  \u001b[1m● \u001b[22m\u001b[1mindex test 222222 › for non zero\u001b[39m\u001b[22m\n\n    \u001b[2mexpect(\u001b[22m\u001b[31mreceived\u001b[39m\u001b[2m).\u001b[22mtoEqual\u001b[2m(\u001b[22m\u001b[32mexpected\u001b[39m\u001b[2m) // deep equality\u001b[22m\n\n    Expected: \u001b[32m6\u001b[39m\n    Received: \u001b[31m5\u001b[39m\n\u001b[2m\u001b[22m\n\u001b[2m    \u001b[0m \u001b[90m 32 | \u001b[39m  test(\u001b[32m'for non zero'\u001b[39m\u001b[33m,\u001b[39m () \u001b[33m=>\u001b[39m {\u001b[0m\u001b[22m\n\u001b[2m    \u001b[0m \u001b[90m 33 | \u001b[39m    \u001b[36mconst\u001b[39m res \u001b[33m=\u001b[39m hello(\u001b[35m0\u001b[39m)\u001b[33m;\u001b[39m\u001b[0m\u001b[22m\n\u001b[2m    \u001b[0m\u001b[31m\u001b[1m>\u001b[22m\u001b[2m\u001b[39m\u001b[90m 34 | \u001b[39m    expect(res)\u001b[33m.\u001b[39mtoEqual(\u001b[35m6\u001b[39m)\u001b[33m;\u001b[39m\u001b[0m\u001b[22m\n\u001b[2m    \u001b[0m \u001b[90m    | \u001b[39m                \u001b[31m\u001b[1m^\u001b[22m\u001b[2m\u001b[39m\u001b[0m\u001b[22m\n\u001b[2m    \u001b[0m \u001b[90m 35 | \u001b[39m  })\u001b[0m\u001b[22m\n\u001b[2m    \u001b[0m \u001b[90m 36 | \u001b[39m\u001b[0m\u001b[22m\n\u001b[2m    \u001b[0m \u001b[90m 37 | \u001b[39m})\u001b[0m\u001b[22m\n\u001b[2m\u001b[22m\n\u001b[2m      \u001b[2mat Object.test (\u001b[22m\u001b[2m\u001b[0m\u001b[36m__tests__/index.test.js\u001b[39m\u001b[0m\u001b[2m:34:17)\u001b[22m\u001b[2m\u001b[22m\n","name":"/Users/sidharthatopcharla/workspace/sample-github-workflow/src/__tests__/index.test.js","startTime":1594576103882,"status":"failed","summary":""}],"wasInterrupted":false}